{"C:\\Users\\IgniteAdmin\\Desktop\\learning-notes\\testing\\index.js": {"path":"C:\\Users\\IgniteAdmin\\Desktop\\learning-notes\\testing\\index.js","statementMap":{"0":{"start":{"line":3,"column":16},"end":{"line":7,"column":1}},"1":{"start":{"line":9,"column":22},"end":{"line":13,"column":1}},"2":{"start":{"line":10,"column":22},"end":{"line":10,"column":58}},"3":{"start":{"line":10,"column":40},"end":{"line":10,"column":57}},"4":{"start":{"line":12,"column":4},"end":{"line":12,"column":49}},"5":{"start":{"line":17,"column":31},"end":{"line":19,"column":1}},"6":{"start":{"line":18,"column":4},"end":{"line":18,"column":29}},"7":{"start":{"line":23,"column":20},"end":{"line":36,"column":1}},"8":{"start":{"line":38,"column":36},"end":{"line":42,"column":1}},"9":{"start":{"line":39,"column":4},"end":{"line":41,"column":7}},"10":{"start":{"line":40,"column":8},"end":{"line":40,"column":43}},"11":{"start":{"line":46,"column":38},"end":{"line":53,"column":1}},"12":{"start":{"line":47,"column":4},"end":{"line":52,"column":6}},"13":{"start":{"line":57,"column":30},"end":{"line":74,"column":1}},"14":{"start":{"line":58,"column":16},"end":{"line":58,"column":17}},"15":{"start":{"line":59,"column":16},"end":{"line":59,"column":17}},"16":{"start":{"line":61,"column":18},"end":{"line":64,"column":5}},"17":{"start":{"line":62,"column":8},"end":{"line":62,"column":17}},"18":{"start":{"line":63,"column":8},"end":{"line":63,"column":27}},"19":{"start":{"line":66,"column":18},"end":{"line":66,"column":33}},"20":{"start":{"line":68,"column":4},"end":{"line":73,"column":6}}},"fnMap":{"0":{"name":"(anonymous_0)","decl":{"start":{"line":9,"column":22},"end":{"line":9,"column":23}},"loc":{"start":{"line":9,"column":32},"end":{"line":13,"column":1}},"line":9},"1":{"name":"(anonymous_1)","decl":{"start":{"line":10,"column":35},"end":{"line":10,"column":36}},"loc":{"start":{"line":10,"column":40},"end":{"line":10,"column":57}},"line":10},"2":{"name":"(anonymous_2)","decl":{"start":{"line":17,"column":31},"end":{"line":17,"column":32}},"loc":{"start":{"line":17,"column":63},"end":{"line":19,"column":1}},"line":17},"3":{"name":"(anonymous_3)","decl":{"start":{"line":38,"column":36},"end":{"line":38,"column":37}},"loc":{"start":{"line":38,"column":42},"end":{"line":42,"column":1}},"line":38},"4":{"name":"(anonymous_4)","decl":{"start":{"line":39,"column":30},"end":{"line":39,"column":31}},"loc":{"start":{"line":39,"column":38},"end":{"line":41,"column":5}},"line":39},"5":{"name":"(anonymous_5)","decl":{"start":{"line":46,"column":38},"end":{"line":46,"column":39}},"loc":{"start":{"line":46,"column":64},"end":{"line":53,"column":1}},"line":46},"6":{"name":"(anonymous_6)","decl":{"start":{"line":57,"column":30},"end":{"line":57,"column":31}},"loc":{"start":{"line":57,"column":53},"end":{"line":74,"column":1}},"line":57},"7":{"name":"(anonymous_7)","decl":{"start":{"line":61,"column":18},"end":{"line":61,"column":19}},"loc":{"start":{"line":61,"column":34},"end":{"line":64,"column":5}},"line":61}},"branchMap":{"0":{"loc":{"start":{"line":12,"column":11},"end":{"line":12,"column":48}},"type":"cond-expr","locations":[{"start":{"line":12,"column":23},"end":{"line":12,"column":36}},{"start":{"line":12,"column":39},"end":{"line":12,"column":48}}],"line":12},"1":{"loc":{"start":{"line":17,"column":34},"end":{"line":17,"column":56}},"type":"default-arg","locations":[{"start":{"line":17,"column":43},"end":{"line":17,"column":56}}],"line":17},"2":{"loc":{"start":{"line":50,"column":13},"end":{"line":50,"column":33}},"type":"binary-expr","locations":[{"start":{"line":50,"column":13},"end":{"line":50,"column":21}},{"start":{"line":50,"column":25},"end":{"line":50,"column":33}}],"line":50},"3":{"loc":{"start":{"line":57,"column":33},"end":{"line":57,"column":46}},"type":"default-arg","locations":[{"start":{"line":57,"column":42},"end":{"line":57,"column":46}}],"line":57},"4":{"loc":{"start":{"line":70,"column":13},"end":{"line":70,"column":51}},"type":"binary-expr","locations":[{"start":{"line":70,"column":13},"end":{"line":70,"column":19}},{"start":{"line":70,"column":23},"end":{"line":70,"column":51}}],"line":70}},"s":{"0":1,"1":1,"2":2,"3":4,"4":2,"5":1,"6":5,"7":1,"8":1,"9":2,"10":16,"11":1,"12":3,"13":1,"14":1,"15":1,"16":1,"17":1,"18":1,"19":1,"20":1},"f":{"0":2,"1":4,"2":5,"3":2,"4":16,"5":3,"6":1,"7":1},"b":{"0":[1,1],"1":[3],"2":[3,1],"3":[1],"4":[1,1]},"_coverageSchema":"43e27e138ebf9cfc5966b082cf9a028302ed4184","hash":"8f3129c804967c28eecc525b1736e1b2d57146ce"}
}
