TN:
SF:C:\Users\IgniteAdmin\Desktop\learning-notes\testing\index.js
FN:9,(anonymous_0)
FN:10,(anonymous_1)
FN:17,(anonymous_2)
FN:38,(anonymous_3)
FN:39,(anonymous_4)
FN:46,(anonymous_5)
FN:57,(anonymous_6)
FN:61,(anonymous_7)
FNF:8
FNH:8
FNDA:2,(anonymous_0)
FNDA:4,(anonymous_1)
FNDA:5,(anonymous_2)
FNDA:2,(anonymous_3)
FNDA:16,(anonymous_4)
FNDA:3,(anonymous_5)
FNDA:1,(anonymous_6)
FNDA:1,(anonymous_7)
DA:3,1
DA:9,1
DA:10,4
DA:12,2
DA:17,1
DA:18,5
DA:23,1
DA:38,1
DA:39,2
DA:40,16
DA:46,1
DA:47,3
DA:57,1
DA:58,1
DA:59,1
DA:61,1
DA:62,1
DA:63,1
DA:66,1
DA:68,1
LF:20
LH:20
BRDA:12,0,0,1
BRDA:12,0,1,1
BRDA:17,1,0,3
BRDA:50,2,0,3
BRDA:50,2,1,1
BRDA:57,3,0,1
BRDA:70,4,0,1
BRDA:70,4,1,1
BRF:8
BRH:8
end_of_record
